<?xml version="1.0" encoding="UTF-8" ?>
<testsuite failures="1" time="4.923" errors="0" skipped="0" tests="1" name="org.cookbook.salesforceConnectorTest">
  <properties>
[...]
</properties>
  <testcase time="4.923" classname="org.cookbook.salesforceConnectorTest" name="testFlow">
    <failure message="expected:&lt;[Lcom.sforce.soap.partner.sobject.SObject;@35a631cc&gt; but was:&lt;Edna&gt;" type="junit.framework.AssertionFailedError">junit.framework.AssertionFailedError: expected:&lt;[Lcom.sforce.soap.partner.sobject.SObject;@35a631cc&gt; but was:&lt;Edna&gt;
	at junit.framework.Assert.fail(Assert.java:50)
	at junit.framework.Assert.failNotEquals(Assert.java:287)
	at junit.framework.Assert.assertEquals(Assert.java:67)
	at junit.framework.Assert.assertEquals(Assert.java:74)
	at org.cookbook.salesforceConnectorTest.runFlowAndExpect(salesforceConnectorTest.java:39)
	at org.cookbook.salesforceConnectorTest.testFlow(salesforceConnectorTest.java:24)
	at sun.reflect.NativeMethodAccessorImpl.invoke0(Native Method)
	at sun.reflect.NativeMethodAccessorImpl.invoke(NativeMethodAccessorImpl.java:39)
	at sun.reflect.DelegatingMethodAccessorImpl.invoke(DelegatingMethodAccessorImpl.java:25)
	at java.lang.reflect.Method.invoke(Method.java:597)
	at junit.framework.TestCase.runTest(TestCase.java:168)
	at junit.framework.TestCase.runBare(TestCase.java:134)
	at org.mule.tck.AbstractMuleTestCase.runBare(AbstractMuleTestCase.java:303)
	at junit.framework.TestResult$1.protect(TestResult.java:110)
	at junit.framework.TestResult.runProtected(TestResult.java:128)
	at junit.framework.TestResult.run(TestResult.java:113)
	at junit.framework.TestCase.run(TestCase.java:124)
	at org.mule.tck.AbstractMuleTestCase.run(AbstractMuleTestCase.java:282)
	at junit.framework.TestSuite.runTest(TestSuite.java:243)
	at junit.framework.TestSuite.run(TestSuite.java:238)
	at org.junit.internal.runners.JUnit38ClassRunner.run(JUnit38ClassRunner.java:83)
	at org.apache.maven.surefire.junit4.JUnit4Provider.execute(JUnit4Provider.java:252)
	at org.apache.maven.surefire.junit4.JUnit4Provider.executeTestSet(JUnit4Provider.java:141)
	at org.apache.maven.surefire.junit4.JUnit4Provider.invoke(JUnit4Provider.java:112)
	at sun.reflect.NativeMethodAccessorImpl.invoke0(Native Method)
	at sun.reflect.NativeMethodAccessorImpl.invoke(NativeMethodAccessorImpl.java:39)
	at sun.reflect.DelegatingMethodAccessorImpl.invoke(DelegatingMethodAccessorImpl.java:25)
	at java.lang.reflect.Method.invoke(Method.java:597)
	at org.apache.maven.surefire.util.ReflectionUtils.invokeMethodWithArray(ReflectionUtils.java:189)
	at org.apache.maven.surefire.booter.ProviderFactory$ProviderProxy.invoke(ProviderFactory.java:165)
	at org.apache.maven.surefire.booter.ProviderFactory.invokeProvider(ProviderFactory.java:85)
	at org.apache.maven.surefire.booter.ForkedBooter.runSuitesInProcess(ForkedBooter.java:115)
	at org.apache.maven.surefire.booter.ForkedBooter.main(ForkedBooter.java:75)
</failure>
    <system-out>
================================================================================
= Testing: testFlow                                                            =
================================================================================
</system-out>
  </testcase>
</testsuite>